{"/Users/Rose/Desktop/lambda/git/Back-end/index.js": {"path":"/Users/Rose/Desktop/lambda/git/Back-end/index.js","statementMap":{"0":{"start":{"line":1,"column":16},"end":{"line":1,"column":34}},"1":{"start":{"line":3,"column":18},"end":{"line":3,"column":56}},"2":{"start":{"line":4,"column":20},"end":{"line":4,"column":56}},"3":{"start":{"line":5,"column":19},"end":{"line":5,"column":53}},"4":{"start":{"line":7,"column":15},"end":{"line":7,"column":24}},"5":{"start":{"line":8,"column":13},"end":{"line":8,"column":37}},"6":{"start":{"line":10,"column":0},"end":{"line":10,"column":26}},"7":{"start":{"line":13,"column":0},"end":{"line":17,"column":2}},"8":{"start":{"line":14,"column":4},"end":{"line":16,"column":6}},"9":{"start":{"line":19,"column":0},"end":{"line":19,"column":28}},"10":{"start":{"line":20,"column":0},"end":{"line":20,"column":42}},"11":{"start":{"line":22,"column":0},"end":{"line":27,"column":2}},"12":{"start":{"line":23,"column":4},"end":{"line":23,"column":28}},"13":{"start":{"line":24,"column":4},"end":{"line":26,"column":6}},"14":{"start":{"line":29,"column":0},"end":{"line":33,"column":1}},"15":{"start":{"line":30,"column":4},"end":{"line":32,"column":6}},"16":{"start":{"line":31,"column":8},"end":{"line":31,"column":55}},"17":{"start":{"line":35,"column":0},"end":{"line":35,"column":23}}},"fnMap":{"0":{"name":"(anonymous_0)","decl":{"start":{"line":13,"column":16},"end":{"line":13,"column":17}},"loc":{"start":{"line":13,"column":30},"end":{"line":17,"column":1}},"line":13},"1":{"name":"(anonymous_1)","decl":{"start":{"line":22,"column":11},"end":{"line":22,"column":12}},"loc":{"start":{"line":22,"column":36},"end":{"line":27,"column":1}},"line":22},"2":{"name":"(anonymous_2)","decl":{"start":{"line":30,"column":24},"end":{"line":30,"column":25}},"loc":{"start":{"line":30,"column":30},"end":{"line":32,"column":5}},"line":30}},"branchMap":{"0":{"loc":{"start":{"line":8,"column":13},"end":{"line":8,"column":37}},"type":"binary-expr","locations":[{"start":{"line":8,"column":13},"end":{"line":8,"column":29}},{"start":{"line":8,"column":33},"end":{"line":8,"column":37}}],"line":8},"1":{"loc":{"start":{"line":29,"column":0},"end":{"line":33,"column":1}},"type":"if","locations":[{"start":{"line":29,"column":0},"end":{"line":33,"column":1}},{"start":{"line":29,"column":0},"end":{"line":33,"column":1}}],"line":29}},"s":{"0":3,"1":3,"2":3,"3":3,"4":3,"5":3,"6":3,"7":3,"8":1,"9":3,"10":3,"11":3,"12":0,"13":0,"14":3,"15":0,"16":0,"17":3},"f":{"0":1,"1":0,"2":0},"b":{"0":[3,3],"1":[0,3]},"_coverageSchema":"1a1c01bbd47fc00a2c39e90264f33305004495a9","hash":"fa232d92f1fe3a02c4680a0bcad793614c02695f"}
,"/Users/Rose/Desktop/lambda/git/Back-end/knexfile.js": {"path":"/Users/Rose/Desktop/lambda/git/Back-end/knexfile.js","statementMap":{"0":{"start":{"line":1,"column":16},"end":{"line":6,"column":1}},"1":{"start":{"line":7,"column":11},"end":{"line":7,"column":24}},"2":{"start":{"line":8,"column":0},"end":{"line":8,"column":23}},"3":{"start":{"line":9,"column":21},"end":{"line":9,"column":56}},"4":{"start":{"line":11,"column":16},"end":{"line":25,"column":1}},"5":{"start":{"line":22,"column":6},"end":{"line":22,"column":49}},"6":{"start":{"line":27,"column":0},"end":{"line":51,"column":2}}},"fnMap":{"0":{"name":"(anonymous_0)","decl":{"start":{"line":21,"column":17},"end":{"line":21,"column":18}},"loc":{"start":{"line":21,"column":33},"end":{"line":23,"column":5}},"line":21}},"branchMap":{"0":{"loc":{"start":{"line":9,"column":21},"end":{"line":9,"column":56}},"type":"binary-expr","locations":[{"start":{"line":9,"column":21},"end":{"line":9,"column":45}},{"start":{"line":9,"column":49},"end":{"line":9,"column":56}}],"line":9}},"s":{"0":3,"1":3,"2":3,"3":3,"4":3,"5":2,"6":3},"f":{"0":2},"b":{"0":[3,3]},"_coverageSchema":"1a1c01bbd47fc00a2c39e90264f33305004495a9","hash":"d75fd5236c000b2b9d31990d4952300a49e99339"}
,"/Users/Rose/Desktop/lambda/git/Back-end/data/dbConfig.js": {"path":"/Users/Rose/Desktop/lambda/git/Back-end/data/dbConfig.js","statementMap":{"0":{"start":{"line":1,"column":13},"end":{"line":1,"column":28}},"1":{"start":{"line":2,"column":15},"end":{"line":2,"column":37}},"2":{"start":{"line":4,"column":20},"end":{"line":4,"column":49}},"3":{"start":{"line":6,"column":0},"end":{"line":6,"column":42}}},"fnMap":{},"branchMap":{"0":{"loc":{"start":{"line":4,"column":20},"end":{"line":4,"column":49}},"type":"binary-expr","locations":[{"start":{"line":4,"column":20},"end":{"line":4,"column":40}},{"start":{"line":4,"column":44},"end":{"line":4,"column":49}}],"line":4}},"s":{"0":3,"1":3,"2":3,"3":3},"f":{},"b":{"0":[3,0]},"_coverageSchema":"1a1c01bbd47fc00a2c39e90264f33305004495a9","hash":"81277f7c7e5a43cb9ffdad9be8cec61b40510741"}
,"/Users/Rose/Desktop/lambda/git/Back-end/data/apps/apps_model.js": {"path":"/Users/Rose/Desktop/lambda/git/Back-end/data/apps/apps_model.js","statementMap":{"0":{"start":{"line":1,"column":11},"end":{"line":1,"column":33}},"1":{"start":{"line":5,"column":4},"end":{"line":6,"column":22}},"2":{"start":{"line":29,"column":0},"end":{"line":36,"column":1}}},"fnMap":{"0":{"name":"allProjects","decl":{"start":{"line":4,"column":9},"end":{"line":4,"column":20}},"loc":{"start":{"line":4,"column":25},"end":{"line":7,"column":1}},"line":4},"1":{"name":"findProjectById","decl":{"start":{"line":10,"column":9},"end":{"line":10,"column":24}},"loc":{"start":{"line":10,"column":27},"end":{"line":12,"column":1}},"line":10},"2":{"name":"addProject","decl":{"start":{"line":15,"column":15},"end":{"line":15,"column":25}},"loc":{"start":{"line":15,"column":30},"end":{"line":17,"column":1}},"line":15},"3":{"name":"editProject","decl":{"start":{"line":20,"column":15},"end":{"line":20,"column":26}},"loc":{"start":{"line":20,"column":40},"end":{"line":22,"column":1}},"line":20},"4":{"name":"remove","decl":{"start":{"line":25,"column":9},"end":{"line":25,"column":15}},"loc":{"start":{"line":25,"column":20},"end":{"line":27,"column":1}},"line":25}},"branchMap":{},"s":{"0":3,"1":0,"2":3},"f":{"0":0,"1":0,"2":0,"3":0,"4":0},"b":{},"_coverageSchema":"1a1c01bbd47fc00a2c39e90264f33305004495a9","hash":"c436105bf3c53b2610e43cf9732fdf336c87bcfc"}
,"/Users/Rose/Desktop/lambda/git/Back-end/data/apps/apps_router.js": {"path":"/Users/Rose/Desktop/lambda/git/Back-end/data/apps/apps_router.js","statementMap":{"0":{"start":{"line":1,"column":16},"end":{"line":1,"column":34}},"1":{"start":{"line":2,"column":18},"end":{"line":2,"column":41}},"2":{"start":{"line":3,"column":19},"end":{"line":3,"column":54}},"3":{"start":{"line":5,"column":15},"end":{"line":5,"column":31}},"4":{"start":{"line":8,"column":0},"end":{"line":16,"column":2}},"5":{"start":{"line":9,"column":4},"end":{"line":15,"column":5}},"6":{"start":{"line":10,"column":21},"end":{"line":10,"column":60}},"7":{"start":{"line":11,"column":8},"end":{"line":11,"column":34}},"8":{"start":{"line":14,"column":8},"end":{"line":14,"column":17}},"9":{"start":{"line":18,"column":0},"end":{"line":18,"column":23}}},"fnMap":{"0":{"name":"(anonymous_0)","decl":{"start":{"line":8,"column":25},"end":{"line":8,"column":26}},"loc":{"start":{"line":8,"column":51},"end":{"line":16,"column":1}},"line":8}},"branchMap":{},"s":{"0":3,"1":3,"2":3,"3":3,"4":3,"5":0,"6":0,"7":0,"8":0,"9":3},"f":{"0":0},"b":{},"_coverageSchema":"1a1c01bbd47fc00a2c39e90264f33305004495a9","hash":"fc50d36d944bd55208dc8e60b80b6a86eaf5586c"}
,"/Users/Rose/Desktop/lambda/git/Back-end/data/config/secrets.js": {"path":"/Users/Rose/Desktop/lambda/git/Back-end/data/config/secrets.js","statementMap":{"0":{"start":{"line":1,"column":0},"end":{"line":3,"column":1}}},"fnMap":{},"branchMap":{"0":{"loc":{"start":{"line":2,"column":9},"end":{"line":2,"column":51}},"type":"binary-expr","locations":[{"start":{"line":2,"column":9},"end":{"line":2,"column":31}},{"start":{"line":2,"column":35},"end":{"line":2,"column":51}}],"line":2}},"s":{"0":3},"f":{},"b":{"0":[3,3]},"_coverageSchema":"1a1c01bbd47fc00a2c39e90264f33305004495a9","hash":"93eccd3154b2997598bc1eda081f398d93cfa905"}
,"/Users/Rose/Desktop/lambda/git/Back-end/data/middleware/getUserId.js": {"path":"/Users/Rose/Desktop/lambda/git/Back-end/data/middleware/getUserId.js","statementMap":{"0":{"start":{"line":1,"column":12},"end":{"line":1,"column":35}},"1":{"start":{"line":2,"column":16},"end":{"line":2,"column":44}},"2":{"start":{"line":5,"column":18},"end":{"line":5,"column":43}},"3":{"start":{"line":6,"column":4},"end":{"line":12,"column":5}},"4":{"start":{"line":7,"column":8},"end":{"line":7,"column":60}},"5":{"start":{"line":9,"column":24},"end":{"line":9,"column":50}},"6":{"start":{"line":10,"column":8},"end":{"line":10,"column":36}},"7":{"start":{"line":11,"column":8},"end":{"line":11,"column":14}},"8":{"start":{"line":15,"column":0},"end":{"line":15,"column":26}}},"fnMap":{"0":{"name":"getUserId","decl":{"start":{"line":4,"column":9},"end":{"line":4,"column":18}},"loc":{"start":{"line":4,"column":35},"end":{"line":13,"column":1}},"line":4}},"branchMap":{"0":{"loc":{"start":{"line":6,"column":4},"end":{"line":12,"column":5}},"type":"if","locations":[{"start":{"line":6,"column":4},"end":{"line":12,"column":5}},{"start":{"line":6,"column":4},"end":{"line":12,"column":5}}],"line":6}},"s":{"0":3,"1":3,"2":0,"3":0,"4":0,"5":0,"6":0,"7":0,"8":3},"f":{"0":0},"b":{"0":[0,0]},"_coverageSchema":"1a1c01bbd47fc00a2c39e90264f33305004495a9","hash":"81142e3dc307bc57e593a4cb0b5cb86e1415f6e4"}
,"/Users/Rose/Desktop/lambda/git/Back-end/data/middleware/restricted.js": {"path":"/Users/Rose/Desktop/lambda/git/Back-end/data/middleware/restricted.js","statementMap":{"0":{"start":{"line":1,"column":12},"end":{"line":1,"column":35}},"1":{"start":{"line":2,"column":16},"end":{"line":2,"column":44}},"2":{"start":{"line":4,"column":0},"end":{"line":20,"column":1}},"3":{"start":{"line":5,"column":4},"end":{"line":19,"column":5}},"4":{"start":{"line":6,"column":8},"end":{"line":18,"column":9}},"5":{"start":{"line":7,"column":26},"end":{"line":7,"column":51}},"6":{"start":{"line":8,"column":28},"end":{"line":8,"column":58}},"7":{"start":{"line":10,"column":12},"end":{"line":10,"column":40}},"8":{"start":{"line":11,"column":12},"end":{"line":11,"column":18}},"9":{"start":{"line":14,"column":12},"end":{"line":14,"column":28}},"10":{"start":{"line":15,"column":12},"end":{"line":17,"column":14}}},"fnMap":{"0":{"name":"(anonymous_0)","decl":{"start":{"line":4,"column":17},"end":{"line":4,"column":18}},"loc":{"start":{"line":4,"column":23},"end":{"line":20,"column":1}},"line":4},"1":{"name":"(anonymous_1)","decl":{"start":{"line":5,"column":11},"end":{"line":5,"column":12}},"loc":{"start":{"line":5,"column":31},"end":{"line":19,"column":5}},"line":5}},"branchMap":{},"s":{"0":3,"1":3,"2":3,"3":3,"4":2,"5":2,"6":2,"7":1,"8":1,"9":1,"10":1},"f":{"0":3,"1":2},"b":{},"_coverageSchema":"1a1c01bbd47fc00a2c39e90264f33305004495a9","hash":"e60b28f1f7c24e5ce9ca33bd27a774147a636562"}
,"/Users/Rose/Desktop/lambda/git/Back-end/data/users/users_model.js": {"path":"/Users/Rose/Desktop/lambda/git/Back-end/data/users/users_model.js","statementMap":{"0":{"start":{"line":1,"column":15},"end":{"line":1,"column":32}},"1":{"start":{"line":2,"column":11},"end":{"line":2,"column":33}},"2":{"start":{"line":6,"column":4},"end":{"line":7,"column":36}},"3":{"start":{"line":11,"column":4},"end":{"line":11,"column":56}},"4":{"start":{"line":13,"column":17},"end":{"line":14,"column":21}},"5":{"start":{"line":16,"column":4},"end":{"line":16,"column":23}},"6":{"start":{"line":21,"column":4},"end":{"line":23,"column":41}},"7":{"start":{"line":28,"column":4},"end":{"line":28,"column":44}},"8":{"start":{"line":31,"column":0},"end":{"line":36,"column":1}}},"fnMap":{"0":{"name":"find","decl":{"start":{"line":5,"column":9},"end":{"line":5,"column":13}},"loc":{"start":{"line":5,"column":16},"end":{"line":8,"column":1}},"line":5},"1":{"name":"add","decl":{"start":{"line":10,"column":15},"end":{"line":10,"column":18}},"loc":{"start":{"line":10,"column":25},"end":{"line":17,"column":1}},"line":10},"2":{"name":"findById","decl":{"start":{"line":20,"column":9},"end":{"line":20,"column":17}},"loc":{"start":{"line":20,"column":22},"end":{"line":24,"column":1}},"line":20},"3":{"name":"findBy","decl":{"start":{"line":27,"column":9},"end":{"line":27,"column":15}},"loc":{"start":{"line":27,"column":24},"end":{"line":29,"column":1}},"line":27}},"branchMap":{},"s":{"0":3,"1":3,"2":1,"3":1,"4":1,"5":1,"6":1,"7":12,"8":3},"f":{"0":1,"1":1,"2":1,"3":12},"b":{},"_coverageSchema":"1a1c01bbd47fc00a2c39e90264f33305004495a9","hash":"0a39c35c65632d3ce3097d982a0d530bb1ecfb39"}
,"/Users/Rose/Desktop/lambda/git/Back-end/data/users/users_router.js": {"path":"/Users/Rose/Desktop/lambda/git/Back-end/data/users/users_router.js","statementMap":{"0":{"start":{"line":1,"column":15},"end":{"line":1,"column":32}},"1":{"start":{"line":2,"column":16},"end":{"line":2,"column":34}},"2":{"start":{"line":3,"column":19},"end":{"line":3,"column":43}},"3":{"start":{"line":4,"column":12},"end":{"line":4,"column":35}},"4":{"start":{"line":5,"column":16},"end":{"line":5,"column":44}},"5":{"start":{"line":6,"column":19},"end":{"line":6,"column":54}},"6":{"start":{"line":7,"column":11},"end":{"line":7,"column":33}},"7":{"start":{"line":9,"column":15},"end":{"line":9,"column":31}},"8":{"start":{"line":14,"column":0},"end":{"line":30,"column":2}},"9":{"start":{"line":15,"column":4},"end":{"line":29,"column":5}},"10":{"start":{"line":16,"column":27},"end":{"line":16,"column":83}},"11":{"start":{"line":17,"column":28},"end":{"line":17,"column":78}},"12":{"start":{"line":18,"column":8},"end":{"line":20,"column":9}},"13":{"start":{"line":19,"column":12},"end":{"line":19,"column":75}},"14":{"start":{"line":21,"column":8},"end":{"line":23,"column":9}},"15":{"start":{"line":22,"column":12},"end":{"line":22,"column":76}},"16":{"start":{"line":24,"column":24},"end":{"line":24,"column":54}},"17":{"start":{"line":25,"column":8},"end":{"line":25,"column":37}},"18":{"start":{"line":28,"column":8},"end":{"line":28,"column":17}},"19":{"start":{"line":33,"column":0},"end":{"line":60,"column":2}},"20":{"start":{"line":34,"column":35},"end":{"line":34,"column":43}},"21":{"start":{"line":36,"column":17},"end":{"line":36,"column":54}},"22":{"start":{"line":38,"column":4},"end":{"line":40,"column":5}},"23":{"start":{"line":39,"column":8},"end":{"line":39,"column":71}},"24":{"start":{"line":41,"column":26},"end":{"line":41,"column":71}},"25":{"start":{"line":43,"column":4},"end":{"line":59,"column":5}},"26":{"start":{"line":44,"column":22},"end":{"line":49,"column":10}},"27":{"start":{"line":51,"column":8},"end":{"line":54,"column":10}},"28":{"start":{"line":56,"column":8},"end":{"line":58,"column":10}},"29":{"start":{"line":63,"column":0},"end":{"line":71,"column":2}},"30":{"start":{"line":64,"column":4},"end":{"line":70,"column":5}},"31":{"start":{"line":65,"column":22},"end":{"line":65,"column":45}},"32":{"start":{"line":66,"column":8},"end":{"line":66,"column":23}},"33":{"start":{"line":69,"column":8},"end":{"line":69,"column":17}},"34":{"start":{"line":73,"column":0},"end":{"line":73,"column":23}}},"fnMap":{"0":{"name":"(anonymous_0)","decl":{"start":{"line":14,"column":25},"end":{"line":14,"column":26}},"loc":{"start":{"line":14,"column":51},"end":{"line":30,"column":1}},"line":14},"1":{"name":"(anonymous_1)","decl":{"start":{"line":33,"column":22},"end":{"line":33,"column":23}},"loc":{"start":{"line":33,"column":48},"end":{"line":60,"column":1}},"line":33},"2":{"name":"(anonymous_2)","decl":{"start":{"line":63,"column":35},"end":{"line":63,"column":36}},"loc":{"start":{"line":63,"column":61},"end":{"line":71,"column":1}},"line":63}},"branchMap":{"0":{"loc":{"start":{"line":18,"column":8},"end":{"line":20,"column":9}},"type":"if","locations":[{"start":{"line":18,"column":8},"end":{"line":20,"column":9}},{"start":{"line":18,"column":8},"end":{"line":20,"column":9}}],"line":18},"1":{"loc":{"start":{"line":21,"column":8},"end":{"line":23,"column":9}},"type":"if","locations":[{"start":{"line":21,"column":8},"end":{"line":23,"column":9}},{"start":{"line":21,"column":8},"end":{"line":23,"column":9}}],"line":21},"2":{"loc":{"start":{"line":38,"column":4},"end":{"line":40,"column":5}},"type":"if","locations":[{"start":{"line":38,"column":4},"end":{"line":40,"column":5}},{"start":{"line":38,"column":4},"end":{"line":40,"column":5}}],"line":38},"3":{"loc":{"start":{"line":43,"column":4},"end":{"line":59,"column":5}},"type":"if","locations":[{"start":{"line":43,"column":4},"end":{"line":59,"column":5}},{"start":{"line":43,"column":4},"end":{"line":59,"column":5}}],"line":43},"4":{"loc":{"start":{"line":43,"column":7},"end":{"line":43,"column":28}},"type":"binary-expr","locations":[{"start":{"line":43,"column":7},"end":{"line":43,"column":11}},{"start":{"line":43,"column":15},"end":{"line":43,"column":28}}],"line":43}},"s":{"0":3,"1":3,"2":3,"3":3,"4":3,"5":3,"6":3,"7":3,"8":3,"9":3,"10":3,"11":3,"12":3,"13":1,"14":2,"15":1,"16":1,"17":1,"18":0,"19":3,"20":6,"21":6,"22":6,"23":2,"24":4,"25":4,"26":3,"27":3,"28":1,"29":3,"30":1,"31":1,"32":1,"33":0,"34":3},"f":{"0":3,"1":6,"2":1},"b":{"0":[1,2],"1":[1,1],"2":[2,4],"3":[3,1],"4":[4,4]},"_coverageSchema":"1a1c01bbd47fc00a2c39e90264f33305004495a9","hash":"d05f887860593d56e937e14a9ed6e96a30248a23"}
}
