{"/Users/Rose/Desktop/lambda/git/Back-end/index.js": {"path":"/Users/Rose/Desktop/lambda/git/Back-end/index.js","statementMap":{"0":{"start":{"line":1,"column":16},"end":{"line":1,"column":34}},"1":{"start":{"line":3,"column":18},"end":{"line":3,"column":56}},"2":{"start":{"line":4,"column":20},"end":{"line":4,"column":56}},"3":{"start":{"line":5,"column":19},"end":{"line":5,"column":53}},"4":{"start":{"line":7,"column":15},"end":{"line":7,"column":24}},"5":{"start":{"line":8,"column":13},"end":{"line":8,"column":37}},"6":{"start":{"line":10,"column":0},"end":{"line":10,"column":26}},"7":{"start":{"line":13,"column":0},"end":{"line":17,"column":2}},"8":{"start":{"line":14,"column":4},"end":{"line":16,"column":6}},"9":{"start":{"line":19,"column":0},"end":{"line":19,"column":28}},"10":{"start":{"line":20,"column":0},"end":{"line":20,"column":42}},"11":{"start":{"line":22,"column":0},"end":{"line":27,"column":2}},"12":{"start":{"line":23,"column":4},"end":{"line":23,"column":28}},"13":{"start":{"line":24,"column":4},"end":{"line":26,"column":6}},"14":{"start":{"line":29,"column":0},"end":{"line":33,"column":1}},"15":{"start":{"line":30,"column":4},"end":{"line":32,"column":6}},"16":{"start":{"line":31,"column":8},"end":{"line":31,"column":55}},"17":{"start":{"line":35,"column":0},"end":{"line":35,"column":23}}},"fnMap":{"0":{"name":"(anonymous_0)","decl":{"start":{"line":13,"column":16},"end":{"line":13,"column":17}},"loc":{"start":{"line":13,"column":30},"end":{"line":17,"column":1}},"line":13},"1":{"name":"(anonymous_1)","decl":{"start":{"line":22,"column":11},"end":{"line":22,"column":12}},"loc":{"start":{"line":22,"column":36},"end":{"line":27,"column":1}},"line":22},"2":{"name":"(anonymous_2)","decl":{"start":{"line":30,"column":24},"end":{"line":30,"column":25}},"loc":{"start":{"line":30,"column":30},"end":{"line":32,"column":5}},"line":30}},"branchMap":{"0":{"loc":{"start":{"line":8,"column":13},"end":{"line":8,"column":37}},"type":"binary-expr","locations":[{"start":{"line":8,"column":13},"end":{"line":8,"column":29}},{"start":{"line":8,"column":33},"end":{"line":8,"column":37}}],"line":8},"1":{"loc":{"start":{"line":29,"column":0},"end":{"line":33,"column":1}},"type":"if","locations":[{"start":{"line":29,"column":0},"end":{"line":33,"column":1}},{"start":{"line":29,"column":0},"end":{"line":33,"column":1}}],"line":29}},"s":{"0":1,"1":1,"2":1,"3":1,"4":1,"5":1,"6":1,"7":1,"8":1,"9":1,"10":1,"11":1,"12":0,"13":0,"14":1,"15":0,"16":0,"17":1},"f":{"0":1,"1":0,"2":0},"b":{"0":[1,1],"1":[0,1]},"_coverageSchema":"1a1c01bbd47fc00a2c39e90264f33305004495a9","hash":"fa232d92f1fe3a02c4680a0bcad793614c02695f"}
,"/Users/Rose/Desktop/lambda/git/Back-end/knexfile.js": {"path":"/Users/Rose/Desktop/lambda/git/Back-end/knexfile.js","statementMap":{"0":{"start":{"line":1,"column":16},"end":{"line":6,"column":1}},"1":{"start":{"line":7,"column":11},"end":{"line":7,"column":24}},"2":{"start":{"line":8,"column":0},"end":{"line":8,"column":23}},"3":{"start":{"line":9,"column":21},"end":{"line":9,"column":56}},"4":{"start":{"line":11,"column":16},"end":{"line":25,"column":1}},"5":{"start":{"line":22,"column":6},"end":{"line":22,"column":49}},"6":{"start":{"line":27,"column":0},"end":{"line":51,"column":2}}},"fnMap":{"0":{"name":"(anonymous_0)","decl":{"start":{"line":21,"column":17},"end":{"line":21,"column":18}},"loc":{"start":{"line":21,"column":33},"end":{"line":23,"column":5}},"line":21}},"branchMap":{"0":{"loc":{"start":{"line":9,"column":21},"end":{"line":9,"column":56}},"type":"binary-expr","locations":[{"start":{"line":9,"column":21},"end":{"line":9,"column":45}},{"start":{"line":9,"column":49},"end":{"line":9,"column":56}}],"line":9}},"s":{"0":1,"1":1,"2":1,"3":1,"4":1,"5":0,"6":1},"f":{"0":0},"b":{"0":[1,1]},"_coverageSchema":"1a1c01bbd47fc00a2c39e90264f33305004495a9","hash":"d75fd5236c000b2b9d31990d4952300a49e99339"}
,"/Users/Rose/Desktop/lambda/git/Back-end/data/dbConfig.js": {"path":"/Users/Rose/Desktop/lambda/git/Back-end/data/dbConfig.js","statementMap":{"0":{"start":{"line":1,"column":13},"end":{"line":1,"column":28}},"1":{"start":{"line":2,"column":15},"end":{"line":2,"column":37}},"2":{"start":{"line":4,"column":20},"end":{"line":4,"column":49}},"3":{"start":{"line":6,"column":0},"end":{"line":6,"column":42}}},"fnMap":{},"branchMap":{"0":{"loc":{"start":{"line":4,"column":20},"end":{"line":4,"column":49}},"type":"binary-expr","locations":[{"start":{"line":4,"column":20},"end":{"line":4,"column":40}},{"start":{"line":4,"column":44},"end":{"line":4,"column":49}}],"line":4}},"s":{"0":1,"1":1,"2":1,"3":1},"f":{},"b":{"0":[1,0]},"_coverageSchema":"1a1c01bbd47fc00a2c39e90264f33305004495a9","hash":"81277f7c7e5a43cb9ffdad9be8cec61b40510741"}
,"/Users/Rose/Desktop/lambda/git/Back-end/data/apps/apps_model.js": {"path":"/Users/Rose/Desktop/lambda/git/Back-end/data/apps/apps_model.js","statementMap":{"0":{"start":{"line":1,"column":11},"end":{"line":1,"column":33}},"1":{"start":{"line":5,"column":4},"end":{"line":6,"column":22}},"2":{"start":{"line":16,"column":0},"end":{"line":19,"column":1}}},"fnMap":{"0":{"name":"findProjects","decl":{"start":{"line":4,"column":15},"end":{"line":4,"column":27}},"loc":{"start":{"line":4,"column":32},"end":{"line":7,"column":1}},"line":4}},"branchMap":{},"s":{"0":1,"1":0,"2":1},"f":{"0":0},"b":{},"_coverageSchema":"1a1c01bbd47fc00a2c39e90264f33305004495a9","hash":"9ccdf00bca23e824b83d3e91f1713f15f0f852f6"}
,"/Users/Rose/Desktop/lambda/git/Back-end/data/apps/apps_router.js": {"path":"/Users/Rose/Desktop/lambda/git/Back-end/data/apps/apps_router.js","statementMap":{"0":{"start":{"line":1,"column":16},"end":{"line":1,"column":34}},"1":{"start":{"line":2,"column":18},"end":{"line":2,"column":41}},"2":{"start":{"line":3,"column":19},"end":{"line":3,"column":54}},"3":{"start":{"line":5,"column":15},"end":{"line":5,"column":31}},"4":{"start":{"line":8,"column":0},"end":{"line":16,"column":2}},"5":{"start":{"line":9,"column":4},"end":{"line":15,"column":5}},"6":{"start":{"line":10,"column":21},"end":{"line":10,"column":61}},"7":{"start":{"line":11,"column":8},"end":{"line":11,"column":34}},"8":{"start":{"line":14,"column":8},"end":{"line":14,"column":17}},"9":{"start":{"line":18,"column":0},"end":{"line":18,"column":23}}},"fnMap":{"0":{"name":"(anonymous_0)","decl":{"start":{"line":8,"column":25},"end":{"line":8,"column":26}},"loc":{"start":{"line":8,"column":51},"end":{"line":16,"column":1}},"line":8}},"branchMap":{},"s":{"0":1,"1":1,"2":1,"3":1,"4":1,"5":0,"6":0,"7":0,"8":0,"9":1},"f":{"0":0},"b":{},"_coverageSchema":"1a1c01bbd47fc00a2c39e90264f33305004495a9","hash":"d8139da0503627fca4b563e725f4ca144b603b06"}
,"/Users/Rose/Desktop/lambda/git/Back-end/data/config/secrets.js": {"path":"/Users/Rose/Desktop/lambda/git/Back-end/data/config/secrets.js","statementMap":{"0":{"start":{"line":1,"column":0},"end":{"line":3,"column":1}}},"fnMap":{},"branchMap":{"0":{"loc":{"start":{"line":2,"column":9},"end":{"line":2,"column":51}},"type":"binary-expr","locations":[{"start":{"line":2,"column":9},"end":{"line":2,"column":31}},{"start":{"line":2,"column":35},"end":{"line":2,"column":51}}],"line":2}},"s":{"0":1},"f":{},"b":{"0":[1,1]},"_coverageSchema":"1a1c01bbd47fc00a2c39e90264f33305004495a9","hash":"93eccd3154b2997598bc1eda081f398d93cfa905"}
,"/Users/Rose/Desktop/lambda/git/Back-end/data/middleware/getUserId.js": {"path":"/Users/Rose/Desktop/lambda/git/Back-end/data/middleware/getUserId.js","statementMap":{"0":{"start":{"line":1,"column":12},"end":{"line":1,"column":35}},"1":{"start":{"line":2,"column":16},"end":{"line":2,"column":44}},"2":{"start":{"line":5,"column":18},"end":{"line":5,"column":43}},"3":{"start":{"line":6,"column":4},"end":{"line":12,"column":5}},"4":{"start":{"line":7,"column":8},"end":{"line":7,"column":60}},"5":{"start":{"line":9,"column":24},"end":{"line":9,"column":50}},"6":{"start":{"line":10,"column":8},"end":{"line":10,"column":36}},"7":{"start":{"line":11,"column":8},"end":{"line":11,"column":14}},"8":{"start":{"line":15,"column":0},"end":{"line":15,"column":26}}},"fnMap":{"0":{"name":"getUserId","decl":{"start":{"line":4,"column":9},"end":{"line":4,"column":18}},"loc":{"start":{"line":4,"column":35},"end":{"line":13,"column":1}},"line":4}},"branchMap":{"0":{"loc":{"start":{"line":6,"column":4},"end":{"line":12,"column":5}},"type":"if","locations":[{"start":{"line":6,"column":4},"end":{"line":12,"column":5}},{"start":{"line":6,"column":4},"end":{"line":12,"column":5}}],"line":6}},"s":{"0":1,"1":1,"2":0,"3":0,"4":0,"5":0,"6":0,"7":0,"8":1},"f":{"0":0},"b":{"0":[0,0]},"_coverageSchema":"1a1c01bbd47fc00a2c39e90264f33305004495a9","hash":"81142e3dc307bc57e593a4cb0b5cb86e1415f6e4"}
,"/Users/Rose/Desktop/lambda/git/Back-end/data/middleware/restricted.js": {"path":"/Users/Rose/Desktop/lambda/git/Back-end/data/middleware/restricted.js","statementMap":{"0":{"start":{"line":1,"column":12},"end":{"line":1,"column":35}},"1":{"start":{"line":2,"column":16},"end":{"line":2,"column":44}},"2":{"start":{"line":4,"column":0},"end":{"line":20,"column":1}},"3":{"start":{"line":5,"column":4},"end":{"line":19,"column":5}},"4":{"start":{"line":6,"column":8},"end":{"line":18,"column":9}},"5":{"start":{"line":7,"column":26},"end":{"line":7,"column":51}},"6":{"start":{"line":8,"column":28},"end":{"line":8,"column":58}},"7":{"start":{"line":10,"column":12},"end":{"line":10,"column":40}},"8":{"start":{"line":11,"column":12},"end":{"line":11,"column":18}},"9":{"start":{"line":14,"column":12},"end":{"line":14,"column":28}},"10":{"start":{"line":15,"column":12},"end":{"line":17,"column":14}}},"fnMap":{"0":{"name":"(anonymous_0)","decl":{"start":{"line":4,"column":17},"end":{"line":4,"column":18}},"loc":{"start":{"line":4,"column":23},"end":{"line":20,"column":1}},"line":4},"1":{"name":"(anonymous_1)","decl":{"start":{"line":5,"column":11},"end":{"line":5,"column":12}},"loc":{"start":{"line":5,"column":31},"end":{"line":19,"column":5}},"line":5}},"branchMap":{},"s":{"0":1,"1":1,"2":1,"3":1,"4":0,"5":0,"6":0,"7":0,"8":0,"9":0,"10":0},"f":{"0":1,"1":0},"b":{},"_coverageSchema":"1a1c01bbd47fc00a2c39e90264f33305004495a9","hash":"e60b28f1f7c24e5ce9ca33bd27a774147a636562"}
,"/Users/Rose/Desktop/lambda/git/Back-end/data/users/users_model.js": {"path":"/Users/Rose/Desktop/lambda/git/Back-end/data/users/users_model.js","statementMap":{"0":{"start":{"line":1,"column":15},"end":{"line":1,"column":32}},"1":{"start":{"line":2,"column":11},"end":{"line":2,"column":33}},"2":{"start":{"line":6,"column":4},"end":{"line":7,"column":36}},"3":{"start":{"line":11,"column":4},"end":{"line":11,"column":56}},"4":{"start":{"line":13,"column":17},"end":{"line":14,"column":21}},"5":{"start":{"line":16,"column":4},"end":{"line":16,"column":23}},"6":{"start":{"line":21,"column":4},"end":{"line":23,"column":41}},"7":{"start":{"line":28,"column":4},"end":{"line":28,"column":44}},"8":{"start":{"line":31,"column":0},"end":{"line":36,"column":1}}},"fnMap":{"0":{"name":"find","decl":{"start":{"line":5,"column":9},"end":{"line":5,"column":13}},"loc":{"start":{"line":5,"column":16},"end":{"line":8,"column":1}},"line":5},"1":{"name":"add","decl":{"start":{"line":10,"column":15},"end":{"line":10,"column":18}},"loc":{"start":{"line":10,"column":25},"end":{"line":17,"column":1}},"line":10},"2":{"name":"findById","decl":{"start":{"line":20,"column":9},"end":{"line":20,"column":17}},"loc":{"start":{"line":20,"column":22},"end":{"line":24,"column":1}},"line":20},"3":{"name":"findBy","decl":{"start":{"line":27,"column":9},"end":{"line":27,"column":15}},"loc":{"start":{"line":27,"column":24},"end":{"line":29,"column":1}},"line":27}},"branchMap":{},"s":{"0":1,"1":1,"2":0,"3":0,"4":0,"5":0,"6":0,"7":0,"8":1},"f":{"0":0,"1":0,"2":0,"3":0},"b":{},"_coverageSchema":"1a1c01bbd47fc00a2c39e90264f33305004495a9","hash":"0a39c35c65632d3ce3097d982a0d530bb1ecfb39"}
,"/Users/Rose/Desktop/lambda/git/Back-end/data/users/users_router.js": {"path":"/Users/Rose/Desktop/lambda/git/Back-end/data/users/users_router.js","statementMap":{"0":{"start":{"line":1,"column":15},"end":{"line":1,"column":32}},"1":{"start":{"line":2,"column":16},"end":{"line":2,"column":34}},"2":{"start":{"line":3,"column":19},"end":{"line":3,"column":43}},"3":{"start":{"line":4,"column":12},"end":{"line":4,"column":35}},"4":{"start":{"line":5,"column":16},"end":{"line":5,"column":44}},"5":{"start":{"line":6,"column":19},"end":{"line":6,"column":54}},"6":{"start":{"line":8,"column":15},"end":{"line":8,"column":31}},"7":{"start":{"line":13,"column":0},"end":{"line":29,"column":2}},"8":{"start":{"line":14,"column":4},"end":{"line":28,"column":5}},"9":{"start":{"line":15,"column":27},"end":{"line":15,"column":83}},"10":{"start":{"line":16,"column":28},"end":{"line":16,"column":78}},"11":{"start":{"line":17,"column":8},"end":{"line":19,"column":9}},"12":{"start":{"line":18,"column":12},"end":{"line":18,"column":75}},"13":{"start":{"line":20,"column":8},"end":{"line":22,"column":9}},"14":{"start":{"line":21,"column":12},"end":{"line":21,"column":76}},"15":{"start":{"line":23,"column":24},"end":{"line":23,"column":54}},"16":{"start":{"line":24,"column":8},"end":{"line":24,"column":37}},"17":{"start":{"line":27,"column":8},"end":{"line":27,"column":17}},"18":{"start":{"line":32,"column":0},"end":{"line":58,"column":2}},"19":{"start":{"line":33,"column":35},"end":{"line":33,"column":43}},"20":{"start":{"line":34,"column":4},"end":{"line":34,"column":25}},"21":{"start":{"line":35,"column":17},"end":{"line":35,"column":62}},"22":{"start":{"line":36,"column":4},"end":{"line":38,"column":5}},"23":{"start":{"line":37,"column":8},"end":{"line":37,"column":71}},"24":{"start":{"line":39,"column":26},"end":{"line":39,"column":71}},"25":{"start":{"line":41,"column":4},"end":{"line":57,"column":5}},"26":{"start":{"line":42,"column":22},"end":{"line":47,"column":10}},"27":{"start":{"line":49,"column":8},"end":{"line":52,"column":10}},"28":{"start":{"line":54,"column":8},"end":{"line":56,"column":10}},"29":{"start":{"line":61,"column":0},"end":{"line":69,"column":2}},"30":{"start":{"line":62,"column":4},"end":{"line":68,"column":5}},"31":{"start":{"line":63,"column":22},"end":{"line":63,"column":45}},"32":{"start":{"line":64,"column":8},"end":{"line":64,"column":23}},"33":{"start":{"line":67,"column":8},"end":{"line":67,"column":17}},"34":{"start":{"line":71,"column":0},"end":{"line":71,"column":23}}},"fnMap":{"0":{"name":"(anonymous_0)","decl":{"start":{"line":13,"column":25},"end":{"line":13,"column":26}},"loc":{"start":{"line":13,"column":51},"end":{"line":29,"column":1}},"line":13},"1":{"name":"(anonymous_1)","decl":{"start":{"line":32,"column":22},"end":{"line":32,"column":23}},"loc":{"start":{"line":32,"column":48},"end":{"line":58,"column":1}},"line":32},"2":{"name":"(anonymous_2)","decl":{"start":{"line":61,"column":35},"end":{"line":61,"column":36}},"loc":{"start":{"line":61,"column":61},"end":{"line":69,"column":1}},"line":61}},"branchMap":{"0":{"loc":{"start":{"line":17,"column":8},"end":{"line":19,"column":9}},"type":"if","locations":[{"start":{"line":17,"column":8},"end":{"line":19,"column":9}},{"start":{"line":17,"column":8},"end":{"line":19,"column":9}}],"line":17},"1":{"loc":{"start":{"line":20,"column":8},"end":{"line":22,"column":9}},"type":"if","locations":[{"start":{"line":20,"column":8},"end":{"line":22,"column":9}},{"start":{"line":20,"column":8},"end":{"line":22,"column":9}}],"line":20},"2":{"loc":{"start":{"line":36,"column":4},"end":{"line":38,"column":5}},"type":"if","locations":[{"start":{"line":36,"column":4},"end":{"line":38,"column":5}},{"start":{"line":36,"column":4},"end":{"line":38,"column":5}}],"line":36},"3":{"loc":{"start":{"line":41,"column":4},"end":{"line":57,"column":5}},"type":"if","locations":[{"start":{"line":41,"column":4},"end":{"line":57,"column":5}},{"start":{"line":41,"column":4},"end":{"line":57,"column":5}}],"line":41},"4":{"loc":{"start":{"line":41,"column":7},"end":{"line":41,"column":28}},"type":"binary-expr","locations":[{"start":{"line":41,"column":7},"end":{"line":41,"column":11}},{"start":{"line":41,"column":15},"end":{"line":41,"column":28}}],"line":41}},"s":{"0":1,"1":1,"2":1,"3":1,"4":1,"5":1,"6":1,"7":1,"8":0,"9":0,"10":0,"11":0,"12":0,"13":0,"14":0,"15":0,"16":0,"17":0,"18":1,"19":0,"20":0,"21":0,"22":0,"23":0,"24":0,"25":0,"26":0,"27":0,"28":0,"29":1,"30":0,"31":0,"32":0,"33":0,"34":1},"f":{"0":0,"1":0,"2":0},"b":{"0":[0,0],"1":[0,0],"2":[0,0],"3":[0,0],"4":[0,0]},"_coverageSchema":"1a1c01bbd47fc00a2c39e90264f33305004495a9","hash":"e75acfbbab9899efb1fa9de6b61b21efddd0ba41"}
}
