TN:
SF:index.js
FN:13,(anonymous_0)
FN:22,(anonymous_1)
FN:30,(anonymous_2)
FNF:3
FNH:1
FNDA:1,(anonymous_0)
FNDA:0,(anonymous_1)
FNDA:0,(anonymous_2)
DA:1,3
DA:3,3
DA:4,3
DA:5,3
DA:7,3
DA:8,3
DA:10,3
DA:13,3
DA:14,1
DA:19,3
DA:20,3
DA:22,3
DA:23,0
DA:24,0
DA:29,3
DA:30,0
DA:31,0
DA:35,3
LF:18
LH:14
BRDA:8,0,0,3
BRDA:8,0,1,3
BRDA:29,1,0,0
BRDA:29,1,1,3
BRF:4
BRH:3
end_of_record
TN:
SF:knexfile.js
FN:21,(anonymous_0)
FNF:1
FNH:1
FNDA:2,(anonymous_0)
DA:1,3
DA:7,3
DA:8,3
DA:9,3
DA:11,3
DA:22,2
DA:27,3
LF:7
LH:7
BRDA:9,0,0,3
BRDA:9,0,1,3
BRF:2
BRH:2
end_of_record
TN:
SF:data/dbConfig.js
FNF:0
FNH:0
DA:1,3
DA:2,3
DA:4,3
DA:6,3
LF:4
LH:4
BRDA:4,0,0,3
BRDA:4,0,1,0
BRF:2
BRH:1
end_of_record
TN:
SF:data/apps/apps_model.js
FN:4,allProjects
FN:10,findProjectById
FN:16,addProject
FN:22,editProject
FN:30,remove
FNF:5
FNH:0
FNDA:0,allProjects
FNDA:0,findProjectById
FNDA:0,addProject
FNDA:0,editProject
FNDA:0,remove
DA:1,3
DA:5,0
DA:11,0
DA:17,0
DA:18,0
DA:23,0
DA:26,0
DA:34,3
LF:8
LH:2
BRF:0
BRH:0
end_of_record
TN:
SF:data/apps/apps_router.js
FN:8,(anonymous_0)
FN:19,(anonymous_1)
FN:36,(anonymous_2)
FN:53,(anonymous_3)
FNF:4
FNH:0
FNDA:0,(anonymous_0)
FNDA:0,(anonymous_1)
FNDA:0,(anonymous_2)
FNDA:0,(anonymous_3)
DA:1,3
DA:2,3
DA:3,3
DA:5,3
DA:8,3
DA:9,0
DA:10,0
DA:11,0
DA:14,0
DA:19,3
DA:20,0
DA:21,0
DA:22,0
DA:23,0
DA:24,0
DA:26,0
DA:31,0
DA:36,3
DA:37,0
DA:38,0
DA:39,0
DA:40,0
DA:41,0
DA:42,0
DA:43,0
DA:45,0
DA:48,0
DA:53,3
DA:54,0
DA:55,0
DA:56,0
DA:57,0
DA:60,0
DA:66,3
LF:34
LH:9
BRDA:23,0,0,0
BRDA:23,0,1,0
BRDA:41,1,0,0
BRDA:41,1,1,0
BRF:4
BRH:0
end_of_record
TN:
SF:data/config/secrets.js
FNF:0
FNH:0
DA:1,3
LF:1
LH:1
BRDA:2,0,0,3
BRDA:2,0,1,3
BRF:2
BRH:2
end_of_record
TN:
SF:data/middleware/getUserId.js
FN:4,getUserId
FNF:1
FNH:0
FNDA:0,getUserId
DA:1,3
DA:2,3
DA:5,0
DA:6,0
DA:7,0
DA:9,0
DA:10,0
DA:11,0
DA:15,3
LF:9
LH:3
BRDA:6,0,0,0
BRDA:6,0,1,0
BRF:2
BRH:0
end_of_record
TN:
SF:data/middleware/restricted.js
FN:4,(anonymous_0)
FN:5,(anonymous_1)
FNF:2
FNH:2
FNDA:3,(anonymous_0)
FNDA:2,(anonymous_1)
DA:1,3
DA:2,3
DA:4,3
DA:5,3
DA:6,2
DA:7,2
DA:8,2
DA:10,1
DA:11,1
DA:14,1
DA:15,1
LF:11
LH:11
BRF:0
BRH:0
end_of_record
TN:
SF:data/users/users_model.js
FN:5,find
FN:10,add
FN:20,findById
FN:27,findBy
FNF:4
FNH:4
FNDA:1,find
FNDA:1,add
FNDA:1,findById
FNDA:12,findBy
DA:1,3
DA:2,3
DA:6,1
DA:11,1
DA:13,1
DA:16,1
DA:21,1
DA:28,12
DA:31,3
LF:9
LH:9
BRF:0
BRH:0
end_of_record
TN:
SF:data/users/users_router.js
FN:14,(anonymous_0)
FN:33,(anonymous_1)
FN:63,(anonymous_2)
FNF:3
FNH:3
FNDA:3,(anonymous_0)
FNDA:6,(anonymous_1)
FNDA:1,(anonymous_2)
DA:1,3
DA:2,3
DA:3,3
DA:4,3
DA:5,3
DA:6,3
DA:7,3
DA:9,3
DA:14,3
DA:15,3
DA:16,3
DA:17,3
DA:18,3
DA:19,1
DA:21,2
DA:22,1
DA:24,1
DA:25,1
DA:28,0
DA:33,3
DA:34,6
DA:36,6
DA:38,6
DA:39,2
DA:41,4
DA:43,4
DA:44,3
DA:51,3
DA:56,1
DA:63,3
DA:64,1
DA:65,1
DA:66,1
DA:69,0
DA:73,3
LF:35
LH:33
BRDA:18,0,0,1
BRDA:18,0,1,2
BRDA:21,1,0,1
BRDA:21,1,1,1
BRDA:38,2,0,2
BRDA:38,2,1,4
BRDA:43,3,0,3
BRDA:43,3,1,1
BRDA:43,4,0,4
BRDA:43,4,1,4
BRF:10
BRH:10
end_of_record
